<?xml version="1.0" encoding="UTF-8"?>
<!-- Generated by org.testng.reporters.JUnitReportReporter -->
<testsuite hostname="Anitha" failures="0" tests="1" name="testNGPack.NewTest" time="0.003" errors="0" timestamp="2025-01-06T16:51:28 IST" skipped="0">
  <testcase classname="testNGPack.NewTest" name="f" time="0.003"/>
  <system-out/>
</testsuite> <!-- testNGPack.NewTest -->
