<?xml version="1.0" encoding="UTF-8"?>
<!-- Generated by org.testng.reporters.JUnitReportReporter -->
<testsuite hostname="Anitha" failures="0" tests="3" name="testNGPack.TNG_001" time="0.016" errors="0" timestamp="2025-01-06T16:51:28 IST" skipped="1">
  <testcase classname="testNGPack.TNG_001" name="f" time="0.014"/>
  <system-out/>
  <testcase classname="testNGPack.TNG_001" name="a" time="0.002"/>
  <system-out/>
  <testcase classname="testNGPack.TNG_001" name="z">
    <skipped/>
  </testcase> <!-- z -->
  <system-out/>
</testsuite> <!-- testNGPack.TNG_001 -->
