<?xml version="1.0" encoding="UTF-8"?>
<!-- Generated by org.testng.reporters.JUnitReportReporter -->
<testsuite hostname="Anitha" failures="0" tests="1" name="testNGpackage.NewTest" time="0.006" errors="0" timestamp="2025-01-06T18:27:01 IST" skipped="0">
  <testcase classname="testNGpackage.NewTest" name="f" time="0.006"/>
  <system-out/>
</testsuite> <!-- testNGpackage.NewTest -->
