<?xml version="1.0" encoding="UTF-8"?>
<!-- Generated by org.testng.reporters.JUnitReportReporter -->
<testsuite hostname="Anitha" failures="0" tests="3" name="testNGpackage.TNG_001" time="0.008" errors="0" timestamp="2025-01-06T18:25:19 IST" skipped="0">
  <testcase classname="testNGpackage.TNG_001" name="f" time="0.003"/>
  <system-out/>
  <testcase classname="testNGpackage.TNG_001" name="a" time="0.002"/>
  <system-out/>
  <testcase classname="testNGpackage.TNG_001" name="z" time="0.003"/>
  <system-out/>
</testsuite> <!-- testNGpackage.TNG_001 -->
